Traceback (most recent call last):
  File "/Users/zdl/IdeaProjects/best-buy/dashboard_server.py", line 284, in <module>
    main()
  File "/Users/zdl/IdeaProjects/best-buy/dashboard_server.py", line 278, in main
    server = ThreadingHTTPServer((args.host, args.port), DashboardHandler)
  File "/Library/Developer/CommandLineTools/Library/Frameworks/Python3.framework/Versions/3.9/lib/python3.9/socketserver.py", line 452, in __init__
    self.server_bind()
  File "/Library/Developer/CommandLineTools/Library/Frameworks/Python3.framework/Versions/3.9/lib/python3.9/http/server.py", line 138, in server_bind
    socketserver.TCPServer.server_bind(self)
  File "/Library/Developer/CommandLineTools/Library/Frameworks/Python3.framework/Versions/3.9/lib/python3.9/socketserver.py", line 466, in server_bind
    self.socket.bind(self.server_address)
OSError: [Errno 48] Address already in use
Traceback (most recent call last):
  File "/Users/zdl/IdeaProjects/best-buy/dashboard_server.py", line 8, in <module>
    main()
  File "/Users/zdl/IdeaProjects/best-buy/best_buy_app/web/dashboard_server.py", line 910, in main
    server = ThreadingHTTPServer((args.host, args.port), DashboardHandler)
  File "/Library/Developer/CommandLineTools/Library/Frameworks/Python3.framework/Versions/3.9/lib/python3.9/socketserver.py", line 452, in __init__
    self.server_bind()
  File "/Library/Developer/CommandLineTools/Library/Frameworks/Python3.framework/Versions/3.9/lib/python3.9/http/server.py", line 138, in server_bind
    socketserver.TCPServer.server_bind(self)
  File "/Library/Developer/CommandLineTools/Library/Frameworks/Python3.framework/Versions/3.9/lib/python3.9/socketserver.py", line 466, in server_bind
    self.socket.bind(self.server_address)
OSError: [Errno 48] Address already in use
Traceback (most recent call last):
  File "/Users/zdl/IdeaProjects/best-buy/dashboard_server.py", line 8, in <module>
    main()
  File "/Users/zdl/IdeaProjects/best-buy/best_buy_app/web/dashboard_server.py", line 1154, in main
    storage.init_db(cfg)
  File "/Users/zdl/IdeaProjects/best-buy/best_buy_app/data/storage.py", line 107, in init_db
    conn = connect(cfg)
  File "/Users/zdl/IdeaProjects/best-buy/best_buy_app/data/storage.py", line 99, in connect
    conn.execute("PRAGMA journal_mode=WAL")
sqlite3.OperationalError: database is locked
